<?xml version="1.0" encoding="UTF-8"?>
<!-- Generated by org.testng.reporters.JUnitXMLReporter -->
<testsuite ignored="0" hostname="Jatin" failures="2" tests="8" name="Command line test" time="24.944" errors="0" timestamp="2024-03-21T16:35:06 IST">
  <testcase classname="com.tutorialsninja.tests.pack.LoginTest" name="loginWithNoCredentials" time="0.829">
    <failure type="java.lang.AssertionError" message="expected [true] but found [false]">
      <![CDATA[java.lang.AssertionError: expected [true] but found [false]
at com.tutorialsninja.tests.pack.LoginTest.loginWithNoCredentials(LoginTest.java:80)
at java.base/java.util.ArrayList.forEach(ArrayList.java:1511)
... Removed 39 stack frames]]>
    </failure>
  </testcase> <!-- loginWithNoCredentials -->
  <testcase classname="com.tutorialsninja.tests.pack.LoginTest" name="loginWithInvalidEmail" time="0.858"/>
  <testcase classname="com.tutorialsninja.tests.pack.LoginTest" name="loginWithInvalidPassword" time="0.812"/>
  <testcase classname="com.tutorialsninja.tests.pack.LoginTest" name="loginWithInvalidCredentials" time="0.0">
    <skipped/>
  </testcase> <!-- loginWithInvalidCredentials -->
  <testcase classname="com.tutorialsninja.tests.pack.LoginTest" name="loginWithValidCredentials" time="0.979"/>
  <testcase classname="com.tutorialsninja.tests.pack.LoginTest" name="loginWithValidCredentials" time="0.982"/>
  <testcase classname="com.tutorialsninja.tests.pack.LoginTest" name="loginWithValidCredentials" time="1.103"/>
  <testcase classname="com.tutorialsninja.tests.pack.RegisterTest" name="sendRegisterDetailsAndVerifyRegistration" time="1.15">
    <failure type="java.lang.AssertionError" message="expected [true] but found [false]">
      <![CDATA[java.lang.AssertionError: expected [true] but found [false]
at com.tutorialsninja.tests.pack.RegisterTest.sendRegisterDetailsAndVerifyRegistration(RegisterTest.java:59)
at java.base/java.util.ArrayList.forEach(ArrayList.java:1511)
... Removed 39 stack frames]]>
    </failure>
  </testcase> <!-- sendRegisterDetailsAndVerifyRegistration -->
</testsuite> <!-- Command line test -->
