<?xml version="1.0" encoding="UTF-8"?>
<!-- Generated by org.testng.reporters.JUnitXMLReporter -->
<testsuite ignored="0" hostname="Jatin" failures="2" tests="8" name="TutorialsNinja Tests" time="26.063" errors="0" timestamp="2024-03-22T15:14:55 IST">
  <testcase classname="com.tutorialsninja.tests.pack.LoginTest" name="loginWithNoCredentials" time="0.933">
    <failure type="java.lang.AssertionError" message="expected [true] but found [false]">
      <![CDATA[java.lang.AssertionError: expected [true] but found [false]
at com.tutorialsninja.tests.pack.LoginTest.loginWithNoCredentials(LoginTest.java:80)
at java.base/java.util.ArrayList.forEach(ArrayList.java:1511)
... Removed 37 stack frames]]>
    </failure>
  </testcase> <!-- loginWithNoCredentials -->
  <testcase classname="com.tutorialsninja.tests.pack.LoginTest" name="loginWithInvalidEmail" time="0.825"/>
  <testcase classname="com.tutorialsninja.tests.pack.LoginTest" name="loginWithInvalidPassword" time="1.014"/>
  <testcase classname="com.tutorialsninja.tests.pack.LoginTest" name="loginWithInvalidCredentials" time="0.0">
    <skipped/>
  </testcase> <!-- loginWithInvalidCredentials -->
  <testcase classname="com.tutorialsninja.tests.pack.LoginTest" name="loginWithValidCredentials" time="0.95"/>
  <testcase classname="com.tutorialsninja.tests.pack.LoginTest" name="loginWithValidCredentials" time="1.019"/>
  <testcase classname="com.tutorialsninja.tests.pack.LoginTest" name="loginWithValidCredentials" time="0.953"/>
  <testcase classname="com.tutorialsninja.tests.pack.RegisterTest" name="sendRegisterDetailsAndVerifyRegistration" time="1.137">
    <failure type="java.lang.AssertionError" message="expected [true] but found [false]">
      <![CDATA[java.lang.AssertionError: expected [true] but found [false]
at com.tutorialsninja.tests.pack.RegisterTest.sendRegisterDetailsAndVerifyRegistration(RegisterTest.java:59)
at java.base/java.util.ArrayList.forEach(ArrayList.java:1511)
... Removed 37 stack frames]]>
    </failure>
  </testcase> <!-- sendRegisterDetailsAndVerifyRegistration -->
</testsuite> <!-- TutorialsNinja Tests -->
